0 info it worked if it ends with ok
1 verbose cli [ '/usr/bin/node', '/usr/bin/npm', 'update' ]
2 info using npm@1.4.27
3 info using node@v0.10.31
4 verbose request where is /url-pattern
5 verbose request registry https://registry.npmjs.org/
6 verbose request id 41d9e37dc8e394c1
7 verbose url raw /url-pattern
8 verbose url resolving [ 'https://registry.npmjs.org/', './url-pattern' ]
9 verbose url resolved https://registry.npmjs.org/url-pattern
10 verbose request where is https://registry.npmjs.org/url-pattern
11 info trying registry request attempt 1 at 10:05:36
12 verbose etag "8NXZKI2BR466UU9V02WOH5SFK"
13 http GET https://registry.npmjs.org/url-pattern
14 verbose request where is /react
15 verbose request registry https://registry.npmjs.org/
16 verbose url raw /react
17 verbose url resolving [ 'https://registry.npmjs.org/', './react' ]
18 verbose url resolved https://registry.npmjs.org/react
19 verbose request where is https://registry.npmjs.org/react
20 info trying registry request attempt 1 at 10:05:36
21 verbose etag "1QBGUBTN911RU4HNW519U25PP"
22 http GET https://registry.npmjs.org/react
23 http 304 https://registry.npmjs.org/url-pattern
24 silly registry.get cb [ 304,
24 silly registry.get   { date: 'Fri, 09 Jan 2015 08:05:39 GMT',
24 silly registry.get     server: 'Apache',
24 silly registry.get     via: '1.1 varnish',
24 silly registry.get     'last-modified': 'Fri, 09 Jan 2015 08:05:40 GMT',
24 silly registry.get     'cache-control': 'max-age=60',
24 silly registry.get     etag: '"8NXZKI2BR466UU9V02WOH5SFK"',
24 silly registry.get     age: '0',
24 silly registry.get     'x-served-by': 'cache-lcy1126-LCY',
24 silly registry.get     'x-cache': 'MISS',
24 silly registry.get     'x-cache-hits': '0',
24 silly registry.get     'x-timer': 'S1420790739.969214,VS0,VE786',
24 silly registry.get     vary: 'Accept',
24 silly registry.get     'content-length': '0',
24 silly registry.get     'keep-alive': 'timeout=10, max=50',
24 silly registry.get     connection: 'Keep-Alive' } ]
25 verbose etag https://registry.npmjs.org/url-pattern from cache
26 verbose cache add [ 'url-pattern', 'npm:url-pattern@^0.6.0' ]
27 verbose cache add name="url-pattern" spec="npm:url-pattern@^0.6.0" args=["url-pattern","npm:url-pattern@^0.6.0"]
28 verbose parsed url { protocol: 'npm:',
28 verbose parsed url   slashes: null,
28 verbose parsed url   auth: 'url-pattern',
28 verbose parsed url   host: '',
28 verbose parsed url   port: null,
28 verbose parsed url   hostname: '',
28 verbose parsed url   hash: null,
28 verbose parsed url   search: null,
28 verbose parsed url   query: null,
28 verbose parsed url   pathname: '^0.6.0',
28 verbose parsed url   path: '^0.6.0',
28 verbose parsed url   href: 'npm:^0.6.0' }
29 verbose addNamed [ 'url-pattern', 'npm:url-pattern@^0.6.0' ]
30 verbose addNamed [ null, null ]
31 silly lockFile e823ec91-rl-pattern-npm-url-pattern-0-6-0 url-pattern@npm:url-pattern@^0.6.0
32 verbose lock url-pattern@npm:url-pattern@^0.6.0 /home/bubblyworld/.npm/e823ec91-rl-pattern-npm-url-pattern-0-6-0.lock
33 info addNameTag [ 'url-pattern', 'npm:url-pattern@^0.6.0' ]
34 verbose registry.get https://registry.npmjs.org/url-pattern not expired, no request
35 silly lockFile e823ec91-rl-pattern-npm-url-pattern-0-6-0 url-pattern@npm:url-pattern@^0.6.0
36 silly lockFile e823ec91-rl-pattern-npm-url-pattern-0-6-0 url-pattern@npm:url-pattern@^0.6.0
37 info outdated updating undefined
38 error notarget No compatible version found: url-pattern@'npm:url-pattern@^0.6.0'
38 error notarget Valid install targets:
38 error notarget ["0.1.0","0.2.0","0.2.1","0.2.2","0.3.1","0.4.0","0.5.0","0.6.0"]
38 error notarget
38 error notarget This is most likely not a problem with npm itself.
38 error notarget In most cases you or one of your dependencies are requesting
38 error notarget a package version that doesn't exist.
39 error System Linux 3.17.2-1-ARCH
40 error command "/usr/bin/node" "/usr/bin/npm" "update"
41 error cwd /home/bubblyworld/github/zygo
42 error node -v v0.10.31
43 error npm -v 1.4.27
44 error code ETARGET
45 verbose exit [ 1, true ]
